Using pre-set license
Built from '2021.3/staging' branch; Version is '2021.3.21f1 (1b156197d683) revision 1774945'; Using compiler version '192829333'; Build Type 'Release'
OS: 'Windows 11  (10.0.22621) 64bit Core' Language: 'en' Physical Memory: 32538 MB
BatchMode: 1, IsHumanControllingUs: 0, StartBugReporterOnCrash: 0, Is64bit: 1, IsPro: 1

COMMAND LINE ARGUMENTS:
E:\Program Files\Unity Studio\2021.3.21f1\Editor\Unity.exe
-adb2
-batchMode
-noUpm
-name
AssetImportWorker3
-projectPath
C:/Users/UTOPIA/Game Design/Tower def
-logFile
Logs/AssetImportWorker3.log
-srvPort
51498
Successfully changed project path to: C:/Users/UTOPIA/Game Design/Tower def
C:/Users/UTOPIA/Game Design/Tower def
[UnityMemory] Configuration Parameters - Can be set up in boot.config
    "memorysetup-bucket-allocator-granularity=16"
    "memorysetup-bucket-allocator-bucket-count=8"
    "memorysetup-bucket-allocator-block-size=33554432"
    "memorysetup-bucket-allocator-block-count=8"
    "memorysetup-main-allocator-block-size=16777216"
    "memorysetup-thread-allocator-block-size=16777216"
    "memorysetup-gfx-main-allocator-block-size=16777216"
    "memorysetup-gfx-thread-allocator-block-size=16777216"
    "memorysetup-cache-allocator-block-size=4194304"
    "memorysetup-typetree-allocator-block-size=2097152"
    "memorysetup-profiler-bucket-allocator-granularity=16"
    "memorysetup-profiler-bucket-allocator-bucket-count=8"
    "memorysetup-profiler-bucket-allocator-block-size=33554432"
    "memorysetup-profiler-bucket-allocator-block-count=8"
    "memorysetup-profiler-allocator-block-size=16777216"
    "memorysetup-profiler-editor-allocator-block-size=1048576"
    "memorysetup-temp-allocator-size-main=16777216"
    "memorysetup-job-temp-allocator-block-size=2097152"
    "memorysetup-job-temp-allocator-block-size-background=1048576"
    "memorysetup-job-temp-allocator-reduction-small-platforms=262144"
    "memorysetup-temp-allocator-size-background-worker=32768"
    "memorysetup-temp-allocator-size-job-worker=262144"
    "memorysetup-temp-allocator-size-preload-manager=33554432"
    "memorysetup-temp-allocator-size-nav-mesh-worker=65536"
    "memorysetup-temp-allocator-size-audio-worker=65536"
    "memorysetup-temp-allocator-size-cloud-worker=32768"
    "memorysetup-temp-allocator-size-gi-baking-worker=262144"
    "memorysetup-temp-allocator-size-gfx=262144"
Player connection [37772] Host "[IP] 192.168.1.21 [Port] 0 [Flags] 2 [Guid] 2328244173 [EditorId] 2328244173 [Version] 1048832 [Id] WindowsEditor(7,DESKTOP-LN65VSP) [Debug] 1 [PackageName] WindowsEditor [ProjectName] Editor" joined multi-casting on [225.0.0.222:54997]...

Player connection [37772] Host "[IP] 192.168.1.21 [Port] 0 [Flags] 2 [Guid] 2328244173 [EditorId] 2328244173 [Version] 1048832 [Id] WindowsEditor(7,DESKTOP-LN65VSP) [Debug] 1 [PackageName] WindowsEditor [ProjectName] Editor" joined alternative multi-casting on [225.0.0.222:34997]...

Refreshing native plugins compatible for Editor in 43.86 ms, found 3 plugins.
Preloading 0 native plugins for Editor in 0.00 ms.
Initialize engine version: 2021.3.21f1 (1b156197d683)
[Subsystems] Discovering subsystems at path E:/Program Files/Unity Studio/2021.3.21f1/Editor/Data/Resources/UnitySubsystems
[Subsystems] Discovering subsystems at path C:/Users/UTOPIA/Game Design/Tower def/Assets
GfxDevice: creating device client; threaded=0; jobified=0
Direct3D:
    Version:  Direct3D 11.0 [level 11.1]
    Renderer: NVIDIA GeForce RTX 3090 (ID=0x2204)
    Vendor:   NVIDIA
    VRAM:     24340 MB
    Driver:   31.0.15.3141
Initialize mono
Mono path[0] = 'E:/Program Files/Unity Studio/2021.3.21f1/Editor/Data/Managed'
Mono path[1] = 'E:/Program Files/Unity Studio/2021.3.21f1/Editor/Data/MonoBleedingEdge/lib/mono/unityjit-win32'
Mono config path = 'E:/Program Files/Unity Studio/2021.3.21f1/Editor/Data/MonoBleedingEdge/etc'
Using monoOptions --debugger-agent=transport=dt_socket,embedding=1,server=y,suspend=n,address=127.0.0.1:56452
Begin MonoManager ReloadAssembly
Registering precompiled unity dll's ...
Register platform support module: E:/Program Files/Unity Studio/2021.3.21f1/Editor/Data/PlaybackEngines/WebGLSupport/UnityEditor.WebGL.Extensions.dll
Register platform support module: E:/Program Files/Unity Studio/2021.3.21f1/Editor/Data/PlaybackEngines/WindowsStandaloneSupport/UnityEditor.WindowsStandalone.Extensions.dll
Registered in 0.001117 seconds.
Native extension for WindowsStandalone target not found
Native extension for WebGL target not found
Refreshing native plugins compatible for Editor in 36.38 ms, found 3 plugins.
Preloading 0 native plugins for Editor in 0.00 ms.
Mono: successfully reloaded assembly
- Completed reload, in  0.314 seconds
Domain Reload Profiling:
	ReloadAssembly (314ms)
		BeginReloadAssembly (44ms)
			ExecutionOrderSort (0ms)
			DisableScriptedObjects (0ms)
			BackupInstance (0ms)
			ReleaseScriptingObjects (0ms)
			CreateAndSetChildDomain (1ms)
		EndReloadAssembly (226ms)
			LoadAssemblies (43ms)
			RebuildTransferFunctionScriptingTraits (0ms)
			SetupTypeCache (51ms)
			ReleaseScriptCaches (0ms)
			RebuildScriptCaches (13ms)
			SetupLoadedEditorAssemblies (138ms)
				LogAssemblyErrors (0ms)
				InitializePlatformSupportModulesInManaged (4ms)
				SetLoadedEditorAssemblies (0ms)
				RefreshPlugins (36ms)
				BeforeProcessingInitializeOnLoad (1ms)
				ProcessInitializeOnLoadAttributes (71ms)
				ProcessInitializeOnLoadMethodAttributes (25ms)
				AfterProcessingInitializeOnLoad (0ms)
				EditorAssembliesLoaded (0ms)
			ExecutionOrderSort2 (0ms)
			AwakeInstancesAfterBackupRestoration (0ms)
Platform modules already initialized, skipping
Registering precompiled user dll's ...
Registered in 0.002547 seconds.
Begin MonoManager ReloadAssembly
Symbol file LoadedFromMemory doesn't match image C:\Users\UTOPIA\Game Design\Tower def\Library\PackageCache\com.unity.visualscripting@1.8.0\Editor\VisualScripting.Core\Dependencies\YamlDotNet\Unity.VisualScripting.YamlDotNet.dll
Symbol file LoadedFromMemory doesn't match image C:\Users\UTOPIA\Game Design\Tower def\Library\PackageCache\com.unity.visualscripting@1.8.0\Editor\VisualScripting.Core\Dependencies\DotNetZip\Unity.VisualScripting.IonicZip.dll
Native extension for WindowsStandalone target not found
Native extension for WebGL target not found
Refreshing native plugins compatible for Editor in 0.32 ms, found 3 plugins.
Preloading 0 native plugins for Editor in 0.00 ms.
Mono: successfully reloaded assembly
- Completed reload, in  0.479 seconds
Domain Reload Profiling:
	ReloadAssembly (479ms)
		BeginReloadAssembly (58ms)
			ExecutionOrderSort (0ms)
			DisableScriptedObjects (3ms)
			BackupInstance (0ms)
			ReleaseScriptingObjects (0ms)
			CreateAndSetChildDomain (10ms)
		EndReloadAssembly (371ms)
			LoadAssemblies (42ms)
			RebuildTransferFunctionScriptingTraits (0ms)
			SetupTypeCache (126ms)
			ReleaseScriptCaches (0ms)
			RebuildScriptCaches (23ms)
			SetupLoadedEditorAssemblies (163ms)
				LogAssemblyErrors (0ms)
				InitializePlatformSupportModulesInManaged (3ms)
				SetLoadedEditorAssemblies (0ms)
				RefreshPlugins (0ms)
				BeforeProcessingInitializeOnLoad (35ms)
				ProcessInitializeOnLoadAttributes (114ms)
				ProcessInitializeOnLoadMethodAttributes (9ms)
				AfterProcessingInitializeOnLoad (1ms)
				EditorAssembliesLoaded (0ms)
			ExecutionOrderSort2 (0ms)
			AwakeInstancesAfterBackupRestoration (6ms)
Platform modules already initialized, skipping
========================================================================
Worker process is ready to serve import requests
Launched and connected shader compiler UnityShaderCompiler.exe after 0.03 seconds
Refreshing native plugins compatible for Editor in 0.42 ms, found 3 plugins.
Preloading 0 native plugins for Editor in 0.00 ms.
Unloading 3048 Unused Serialized files (Serialized files now loaded: 0)
Unloading 24 unused Assets / (113.4 KB). Loaded Objects now: 3509.
Memory consumption went from 107.7 MB to 107.6 MB.
Total: 1.451300 ms (FindLiveObjects: 0.123500 ms CreateObjectMapping: 0.035400 ms MarkObjects: 1.241500 ms  DeleteObjects: 0.050300 ms)

AssetImportParameters requested are different than current active one (requested -> active):
  custom:video-decoder-ogg-theora: a1e56fd34408186e4bbccfd4996cb3dc -> 
  custom:container-muxer-webm: aa71ff27fc2769a1b78a27578f13a17b -> 
  custom:container-demuxer-webm: 4f35f7cbe854078d1ac9338744f61a02 -> 
  custom:video-encoder-webm-vp8: eb34c28f22e8b96e1ab97ce403110664 -> 
  custom:audio-encoder-webm-vorbis: bf7c407c2cedff20999df2af8eb42d56 -> 
  custom:framework-win-MediaFoundation: 216162199b28c13a410421893ffa2e32 -> 
  custom:container-demuxer-ogg: 62fdf1f143b41e24485cea50d1cbac27 -> 
  custom:video-decoder-webm-vp8: 9c59270c3fd7afecdb556c50c9e8de78 -> 
  custom:audio-decoder-ogg-vorbis: bf7c407c2cedff20999df2af8eb42d56 -> 
========================================================================
Received Import Request.
  Time since last request: 1305352.332216 seconds.
  path: Assets/Alstrainfinite/KitchenAppliances/Models/Seperated For Animation/FanV2.fbx
  artifactKey: Guid(1b1bc434cbde3e84080f2381d5ab4b01) Importer(815301076,1909f56bfc062723c751e8b465ee728b)
Start importing Assets/Alstrainfinite/KitchenAppliances/Models/Seperated For Animation/FanV2.fbx using Guid(1b1bc434cbde3e84080f2381d5ab4b01) Importer(815301076,1909f56bfc062723c751e8b465ee728b)  -> (artifact id: '3665f6979b5fe801484d03e6c13bf696') in 0.100479 seconds 
========================================================================
Received Import Request.
  Time since last request: 0.000014 seconds.
  path: Assets/Alstrainfinite/KitchenAppliances/Models/Seperated For Animation/Mixer.fbx
  artifactKey: Guid(ea8e93118a7927544a41c3ed730ce340) Importer(815301076,1909f56bfc062723c751e8b465ee728b)
Start importing Assets/Alstrainfinite/KitchenAppliances/Models/Seperated For Animation/Mixer.fbx using Guid(ea8e93118a7927544a41c3ed730ce340) Importer(815301076,1909f56bfc062723c751e8b465ee728b)  -> (artifact id: '2c8b608002794e2f5f60c391d0a62ba5') in 0.046333 seconds 
========================================================================
Received Import Request.
  Time since last request: 4.120257 seconds.
  path: Assets/Alstrainfinite/KitchenAppliances/Prefabs/FanV2.prefab
  artifactKey: Guid(08d28eaef00b28b41aefefc354079323) Importer(815301076,1909f56bfc062723c751e8b465ee728b)
Start importing Assets/Alstrainfinite/KitchenAppliances/Prefabs/FanV2.prefab using Guid(08d28eaef00b28b41aefefc354079323) Importer(815301076,1909f56bfc062723c751e8b465ee728b)  -> (artifact id: 'c0dfb7a3bc6862e893f0123ffd731154') in 0.012130 seconds 
========================================================================
Received Import Request.
  Time since last request: 0.000011 seconds.
  path: Assets/Alstrainfinite/KitchenAppliances/Prefabs/Stove.prefab
  artifactKey: Guid(158f818f5cdf7f54f8cb6f3b74f535c8) Importer(815301076,1909f56bfc062723c751e8b465ee728b)
Start importing Assets/Alstrainfinite/KitchenAppliances/Prefabs/Stove.prefab using Guid(158f818f5cdf7f54f8cb6f3b74f535c8) Importer(815301076,1909f56bfc062723c751e8b465ee728b)  -> (artifact id: 'b907a0dfdf1796199d8bb288fe3d650d') in 0.012117 seconds 
========================================================================
Received Import Request.
  Time since last request: 15.550653 seconds.
  path: Assets/Alstrainfinite/KitchenAppliances/Prefabs/(Old) Version1.0/FanV2.prefab
  artifactKey: Guid(d5fdaf74a9bc91242b841883b4c65b21) Importer(815301076,1909f56bfc062723c751e8b465ee728b)
Start importing Assets/Alstrainfinite/KitchenAppliances/Prefabs/(Old) Version1.0/FanV2.prefab using Guid(d5fdaf74a9bc91242b841883b4c65b21) Importer(815301076,1909f56bfc062723c751e8b465ee728b)  -> (artifact id: 'aa87ec13f7ac7bdab3ad663eae36bba1') in 0.009999 seconds 
========================================================================
Received Import Request.
  Time since last request: 0.000010 seconds.
  path: Assets/Alstrainfinite/KitchenAppliances/Prefabs/(Old) Version1.0/Mixer.prefab
  artifactKey: Guid(51375fb1aaf7a3a47be8f808c0a789f1) Importer(815301076,1909f56bfc062723c751e8b465ee728b)
Start importing Assets/Alstrainfinite/KitchenAppliances/Prefabs/(Old) Version1.0/Mixer.prefab using Guid(51375fb1aaf7a3a47be8f808c0a789f1) Importer(815301076,1909f56bfc062723c751e8b465ee728b)  -> (artifact id: '1d603e83ccbb40e9b2fb7a82f08c0860') in 0.019243 seconds 
Editor requested this worker to shutdown with reason: Scaling down because of idle timeout
AssetImportWorkerClient::OnTransportError - code=2 error=End of file
AssetImportWorker is now disconnected from the server
Process exiting
Exiting without the bug reporter. Application will terminate with return code 0